0 info it worked if it ends with ok
1 verbose cli [ 'C:\\Program Files\\nodejs\\node.exe',
1 verbose cli   'C:\\Program Files\\nodejs\\node_modules\\npm\\bin\\npm-cli.js',
1 verbose cli   'start' ]
2 info using npm@3.3.12
3 info using node@v5.3.0
4 verbose run-script [ 'prestart', 'start', 'poststart' ]
5 info lifecycle Kiwoom-Helper@1.0.1~prestart: Kiwoom-Helper@1.0.1
6 silly lifecycle Kiwoom-Helper@1.0.1~prestart: no script for prestart, continuing
7 info lifecycle Kiwoom-Helper@1.0.1~start: Kiwoom-Helper@1.0.1
8 verbose lifecycle Kiwoom-Helper@1.0.1~start: unsafe-perm in lifecycle true
9 verbose lifecycle Kiwoom-Helper@1.0.1~start: PATH: C:\Program Files\nodejs\node_modules\npm\bin\node-gyp-bin;C:\workspace\Kiwoom-Helper\node_modules\.bin;C:\Users\sculove\bin;C:\Users\sculove\AppData\Local\Programs\Git\mingw32\bin;C:\Users\sculove\AppData\Local\Programs\Git\usr\local\bin;C:\Users\sculove\AppData\Local\Programs\Git\usr\bin;C:\Users\sculove\AppData\Local\Programs\Git\usr\bin;C:\Users\sculove\AppData\Local\Programs\Git\cmd;C:\Program Files\ConEmu\ConEmu\Scripts;C:\Program Files\ConEmu;C:\Program Files\ConEmu\ConEmu;C:\Python34;C:\Python34\Lib\site-packages\PyQt5;C:\Program Files\NVIDIA Corporation\PhysX\Common;C:\ProgramData\Oracle\Java\javapath;C:\Windows\system32;C:\Windows;C:\Windows\System32\Wbem;C:\Windows\System32\WindowsPowerShell\v1.0;C:\Program Files\nodejs;C:\Program Files\QuickTime Alternative\QTSystem;C:\Program Files\Microsoft SQL Server\120\Tools\Binn;C:\Program Files\Windows Kits\10\Windows Performance Toolkit;C:\Program Files\Microsoft SQL Server\110\Tools\Binn;C:\Program Files\Microsoft SDKs\TypeScript\1.0;C:\Program Files\Calibre2;C:\Program Files\Google\Chrome\Application;C:\Users\sculove\AppData\Roaming\npm;C:\Users\sculove\AppData\Local\Programs\Git\usr\bin\vendor_perl;C:\Users\sculove\AppData\Local\Programs\Git\usr\bin\core_perl
10 verbose lifecycle Kiwoom-Helper@1.0.1~start: CWD: C:\workspace\Kiwoom-Helper
11 silly lifecycle Kiwoom-Helper@1.0.1~start: Args: [ '/d /s /c',
11 silly lifecycle   'set NODE_ENV=development && export NODE_ENV=development && webpack -d -w --colors' ]
12 silly lifecycle Kiwoom-Helper@1.0.1~start: Returned: code: 1  signal: null
13 info lifecycle Kiwoom-Helper@1.0.1~start: Failed to exec start script
14 verbose stack Error: Kiwoom-Helper@1.0.1 start: `set NODE_ENV=development && export NODE_ENV=development && webpack -d -w --colors`
14 verbose stack Exit status 1
14 verbose stack     at EventEmitter.<anonymous> (C:\Program Files\nodejs\node_modules\npm\lib\utils\lifecycle.js:232:16)
14 verbose stack     at emitTwo (events.js:87:13)
14 verbose stack     at EventEmitter.emit (events.js:172:7)
14 verbose stack     at ChildProcess.<anonymous> (C:\Program Files\nodejs\node_modules\npm\lib\utils\spawn.js:24:14)
14 verbose stack     at emitTwo (events.js:87:13)
14 verbose stack     at ChildProcess.emit (events.js:172:7)
14 verbose stack     at maybeClose (internal/child_process.js:818:16)
14 verbose stack     at Process.ChildProcess._handle.onexit (internal/child_process.js:211:5)
15 verbose pkgid Kiwoom-Helper@1.0.1
16 verbose cwd C:\workspace\Kiwoom-Helper
17 error Windows_NT 6.1.7601
18 error argv "C:\\Program Files\\nodejs\\node.exe" "C:\\Program Files\\nodejs\\node_modules\\npm\\bin\\npm-cli.js" "start"
19 error node v5.3.0
20 error npm  v3.3.12
21 error code ELIFECYCLE
22 error Kiwoom-Helper@1.0.1 start: `set NODE_ENV=development && export NODE_ENV=development && webpack -d -w --colors`
22 error Exit status 1
23 error Failed at the Kiwoom-Helper@1.0.1 start script 'set NODE_ENV=development && export NODE_ENV=development && webpack -d -w --colors'.
23 error Make sure you have the latest version of node.js and npm installed.
23 error If you do, this is most likely a problem with the Kiwoom-Helper package,
23 error not with npm itself.
23 error Tell the author that this fails on your system:
23 error     set NODE_ENV=development && export NODE_ENV=development && webpack -d -w --colors
23 error You can get their info via:
23 error     npm owner ls Kiwoom-Helper
23 error There is likely additional logging output above.
24 verbose exit [ 1, true ]
